[debug] [2026-03-04T17:33:24.725Z] ----------------------------------------------------------------------
[debug] [2026-03-04T17:33:24.726Z] Command:       C:\Program Files\nodejs\node.exe C:\Users\SULTAN\AppData\Local\npm-cache\_npx\7750544ccf494d8b\node_modules\firebase-tools\lib\bin\firebase.js deploy --only hosting --project accounting-app-fd24c
[debug] [2026-03-04T17:33:24.727Z] CLI Version:   15.8.0
[debug] [2026-03-04T17:33:24.727Z] Platform:      win32
[debug] [2026-03-04T17:33:24.727Z] Node Version:  v25.6.1
[debug] [2026-03-04T17:33:24.727Z] Time:          Wed Mar 04 2026 22:33:24 GMT+0500 (Pakistan Standard Time)
[debug] [2026-03-04T17:33:24.727Z] ----------------------------------------------------------------------
[debug] 
[debug] [2026-03-04T17:33:25.632Z] > command requires scopes: ["email","openid","https://www.googleapis.com/auth/cloudplatformprojects.readonly","https://www.googleapis.com/auth/firebase","https://www.googleapis.com/auth/cloud-platform"]
[debug] [2026-03-04T17:33:25.633Z] > authorizing via signed-in user (sulemanshahdinarkhel@gmail.com)
[debug] [2026-03-04T17:33:25.633Z] [iam] checking project accounting-app-fd24c for permissions ["firebase.projects.get","firebasehosting.sites.update"]
[debug] [2026-03-04T17:33:25.633Z] Checked if tokens are valid: true, expires at: 1772649191658
[debug] [2026-03-04T17:33:25.633Z] Checked if tokens are valid: true, expires at: 1772649191658
[debug] [2026-03-04T17:33:25.634Z] >>> [apiv2][query] POST https://cloudresourcemanager.googleapis.com/v1/projects/accounting-app-fd24c:testIamPermissions [none]
[debug] [2026-03-04T17:33:25.634Z] >>> [apiv2][(partial)header] POST https://cloudresourcemanager.googleapis.com/v1/projects/accounting-app-fd24c:testIamPermissions  x-goog-user-project=accounting-app-fd24c
[debug] [2026-03-04T17:33:25.634Z] >>> [apiv2][body] POST https://cloudresourcemanager.googleapis.com/v1/projects/accounting-app-fd24c:testIamPermissions {"permissions":["firebase.projects.get","firebasehosting.sites.update"]}
[debug] [2026-03-04T17:33:47.156Z] <<< [apiv2][status] POST https://cloudresourcemanager.googleapis.com/v1/projects/accounting-app-fd24c:testIamPermissions 200
[debug] [2026-03-04T17:33:47.156Z] <<< [apiv2][body] POST https://cloudresourcemanager.googleapis.com/v1/projects/accounting-app-fd24c:testIamPermissions {"permissions":["firebase.projects.get","firebasehosting.sites.update"]}
[debug] [2026-03-04T17:33:47.157Z] Checked if tokens are valid: true, expires at: 1772649191658
[debug] [2026-03-04T17:33:47.157Z] Checked if tokens are valid: true, expires at: 1772649191658
[debug] [2026-03-04T17:33:47.157Z] >>> [apiv2][query] GET https://firebase.googleapis.com/v1beta1/projects/accounting-app-fd24c [none]
[debug] [2026-03-04T17:33:47.738Z] <<< [apiv2][status] GET https://firebase.googleapis.com/v1beta1/projects/accounting-app-fd24c 200
[debug] [2026-03-04T17:33:47.738Z] <<< [apiv2][body] GET https://firebase.googleapis.com/v1beta1/projects/accounting-app-fd24c {"projectId":"accounting-app-fd24c","projectNumber":"103762444389","displayName":"SULTAN","name":"projects/accounting-app-fd24c","resources":{"hostingSite":"accounting-app-fd24c"},"state":"ACTIVE","etag":"1_92cdf3f9-0422-41a0-9ed1-bb9c9fc6dffc"}
[debug] [2026-03-04T17:33:49.277Z] defaultcredentials: writing to file C:\Users\SULTAN\AppData\Roaming\firebase\sulemanshahdinarkhel_gmail_com_application_default_credentials.json
[debug] [2026-03-04T17:33:49.278Z] Checked if tokens are valid: true, expires at: 1772649191658
[debug] [2026-03-04T17:33:49.278Z] Checked if tokens are valid: true, expires at: 1772649191658
[debug] [2026-03-04T17:33:49.278Z] >>> [apiv2][query] GET https://firebasehosting.googleapis.com/v1beta1/projects/accounting-app-fd24c/sites pageToken=&pageSize=10
[debug] [2026-03-04T17:33:51.291Z] <<< [apiv2][status] GET https://firebasehosting.googleapis.com/v1beta1/projects/accounting-app-fd24c/sites 200
[debug] [2026-03-04T17:33:51.291Z] <<< [apiv2][body] GET https://firebasehosting.googleapis.com/v1beta1/projects/accounting-app-fd24c/sites {"sites":[{"name":"projects/accounting-app-fd24c/sites/accounting-app-fd24c","defaultUrl":"https://accounting-app-fd24c.web.app","appId":"1:103762444389:web:81dd312ba429a51afb068c","type":"DEFAULT_SITE"}]}
[debug] [2026-03-04T17:33:51.292Z] Checked if tokens are valid: true, expires at: 1772649191658
[debug] [2026-03-04T17:33:51.292Z] Checked if tokens are valid: true, expires at: 1772649191658
[debug] [2026-03-04T17:33:51.292Z] >>> [apiv2][query] GET https://firebase.googleapis.com/v1beta1/projects/-/webApps/1:103762444389:web:81dd312ba429a51afb068c/config [none]
[debug] [2026-03-04T17:33:52.063Z] <<< [apiv2][status] GET https://firebase.googleapis.com/v1beta1/projects/-/webApps/1:103762444389:web:81dd312ba429a51afb068c/config 200
[debug] [2026-03-04T17:33:52.063Z] <<< [apiv2][body] GET https://firebase.googleapis.com/v1beta1/projects/-/webApps/1:103762444389:web:81dd312ba429a51afb068c/config {"projectId":"accounting-app-fd24c","appId":"1:103762444389:web:81dd312ba429a51afb068c","storageBucket":"accounting-app-fd24c.firebasestorage.app","apiKey":"AIzaSyCSZ4aZ2MDpPwUpTQu0exLSyOnZwTa2SE8","authDomain":"accounting-app-fd24c.firebaseapp.com","messagingSenderId":"103762444389","measurementId":"G-5WX07EEECE","projectNumber":"103762444389","version":"2"}
[info] 
   Thank you for trying our early preview of Next.js support on Firebase Hosting.
   During the preview, support is best-effort and breaking changes can be expected. Proceed with caution.
   The integration is known to work with Next.js version 12 - 15.0. You may encounter errors.

   Documentation: https://firebase.google.com/docs/hosting/frameworks/nextjs
   File a bug: https://github.com/firebase/firebase-tools/issues/new?template=bug_report.md
   Submit a feature request: https://github.com/firebase/firebase-tools/issues/new?template=feature_request.md

   We'd love to learn from you. Express your interest in helping us shape the future of Firebase Hosting: https://goo.gle/41enW5X

[debug] [2026-03-04T17:33:55.662Z] Checked if tokens are valid: true, expires at: 1772649191658
[debug] [2026-03-04T17:33:55.662Z] Checked if tokens are valid: true, expires at: 1772649191658
[debug] [2026-03-04T17:33:55.663Z] >>> [apiv2][query] GET https://firebasehosting.googleapis.com/v1beta1/projects/accounting-app-fd24c/sites/accounting-app-fd24c [none]
[debug] [2026-03-04T17:33:56.514Z] <<< [apiv2][status] GET https://firebasehosting.googleapis.com/v1beta1/projects/accounting-app-fd24c/sites/accounting-app-fd24c 200
[debug] [2026-03-04T17:33:56.514Z] <<< [apiv2][body] GET https://firebasehosting.googleapis.com/v1beta1/projects/accounting-app-fd24c/sites/accounting-app-fd24c {"name":"projects/accounting-app-fd24c/sites/accounting-app-fd24c","defaultUrl":"https://accounting-app-fd24c.web.app","appId":"1:103762444389:web:81dd312ba429a51afb068c","type":"DEFAULT_SITE"}
[info] ▲ Next.js 16.1.6 (Turbopack)

[info] - Environments: .env


[info]   Creating an optimized production build ...

[info] ✓ Compiled successfully in 3.7s

[info]   Running TypeScript ...

[info]   Collecting page data using 11 workers ...

[info]   Generating static pages using 11 workers (0/23) ...

[info]   Generating static pages using 11 workers (5/23) 

[info]   Generating static pages using 11 workers (11/23) 

[info]   Generating static pages using 11 workers (17/23) 

[info] ✓ Generating static pages using 11 workers (23/23) in 451.3ms

[info]   Finalizing page optimization ...

[info] 

[info] Route (app)
┌ ƒ /
├ ○ /_not-found
├ ○ /accounts
├ ○ /admin/login
├ ○ /admin/users
├ ƒ /api/accounts
├ ƒ /api/admin/users
├ ƒ /api/admin/users/[id]
├ ƒ /api/auth/login-lookup
├ ƒ /api/auth/register
├ ƒ /api/auth/role
├ ƒ /api/bills
├ ƒ /api/customers
├ ƒ /api/invoices
├ ƒ /api/journal
├ ƒ /api/payments
├ ƒ /api/seed
├ ƒ /api/vendors
├ ○ /customers
├ ƒ /journal
├ ○ /journal/create
├ ○ /login
├ ○ /register
├ ƒ /reports
└ ○ /vendors



[info] ○  (Static)   prerendered as static content
ƒ  (Dynamic)  server-rendered on demand


[info] Building a Cloud Function to run this application. This is needed due to:
[info]  • non-static component /api/accounts/route
[info]  • non-static component /api/admin/users/[id]/route
[info]  • non-static component /api/admin/users/route
[info]  • non-static component /api/auth/login-lookup/route
[info]  • non-static component /api/auth/register/route
[debug] [2026-03-04T17:34:11.854Z]  • non-static component /api/auth/role/route
[debug] [2026-03-04T17:34:11.854Z]  • non-static component /api/bills/route
[debug] [2026-03-04T17:34:11.854Z]  • non-static component /api/customers/route
[debug] [2026-03-04T17:34:11.854Z]  • non-static component /api/invoices/route
[debug] [2026-03-04T17:34:11.854Z]  • non-static component /api/journal/route
[debug] [2026-03-04T17:34:11.854Z]  • non-static component /api/payments/route
[debug] [2026-03-04T17:34:11.854Z]  • non-static component /api/seed/route
[debug] [2026-03-04T17:34:11.854Z]  • non-static component /api/vendors/route
[debug] [2026-03-04T17:34:11.855Z]  • non-static component /journal/page
[debug] [2026-03-04T17:34:11.855Z]  • non-static component /page
[debug] [2026-03-04T17:34:11.855Z]  • non-static component /reports/page
[info]  • and 11 other reasons, use --debug to see more
[info] 
[debug] [2026-03-04T17:34:11.961Z] Checked if tokens are valid: true, expires at: 1772649191658
[debug] [2026-03-04T17:34:11.961Z] Checked if tokens are valid: true, expires at: 1772649191658
[debug] [2026-03-04T17:34:11.961Z] >>> [apiv2][query] GET https://firebasehosting.googleapis.com/v1beta1/projects/accounting-app-fd24c/sites/accounting-app-fd24c [none]
[debug] [2026-03-04T17:34:13.377Z] <<< [apiv2][status] GET https://firebasehosting.googleapis.com/v1beta1/projects/accounting-app-fd24c/sites/accounting-app-fd24c 200
[debug] [2026-03-04T17:34:13.377Z] <<< [apiv2][body] GET https://firebasehosting.googleapis.com/v1beta1/projects/accounting-app-fd24c/sites/accounting-app-fd24c {"name":"projects/accounting-app-fd24c/sites/accounting-app-fd24c","defaultUrl":"https://accounting-app-fd24c.web.app","appId":"1:103762444389:web:81dd312ba429a51afb068c","type":"DEFAULT_SITE"}
[debug] [2026-03-04T17:34:14.449Z] Error: EPERM: operation not permitted, symlink 'C:\Users\SULTAN\Desktop\ACCOUNTING APP PROTOTYPE\node_modules\@prisma\client' -> 'C:\Users\SULTAN\Desktop\ACCOUNTING APP PROTOTYPE\.firebase\accounting-app-fd24c\functions\.next\node_modules\@prisma\client-2c3a283f134fdcb6'
[debug] [2026-03-04T17:34:24.736Z] ----------------------------------------------------------------------
[debug] [2026-03-04T17:34:24.738Z] Command:       C:\Program Files\nodejs\node.exe C:\Users\SULTAN\AppData\Local\npm-cache\_npx\7750544ccf494d8b\node_modules\firebase-tools\lib\bin\firebase.js deploy --only hosting --project accounting-app-fd24c --debug
[debug] [2026-03-04T17:34:24.738Z] CLI Version:   15.8.0
[debug] [2026-03-04T17:34:24.738Z] Platform:      win32
[debug] [2026-03-04T17:34:24.738Z] Node Version:  v25.6.1
[debug] [2026-03-04T17:34:24.738Z] Time:          Wed Mar 04 2026 22:34:24 GMT+0500 (Pakistan Standard Time)
[debug] [2026-03-04T17:34:24.738Z] ----------------------------------------------------------------------
[debug] 
[debug] [2026-03-04T17:34:25.999Z] > command requires scopes: ["email","openid","https://www.googleapis.com/auth/cloudplatformprojects.readonly","https://www.googleapis.com/auth/firebase","https://www.googleapis.com/auth/cloud-platform"]
[debug] [2026-03-04T17:34:26.000Z] > authorizing via signed-in user (sulemanshahdinarkhel@gmail.com)
[debug] [2026-03-04T17:34:26.000Z] [iam] checking project accounting-app-fd24c for permissions ["firebase.projects.get","firebasehosting.sites.update"]
[debug] [2026-03-04T17:34:26.002Z] Checked if tokens are valid: true, expires at: 1772649191658
[debug] [2026-03-04T17:34:26.002Z] Checked if tokens are valid: true, expires at: 1772649191658
[debug] [2026-03-04T17:34:26.003Z] >>> [apiv2][query] POST https://cloudresourcemanager.googleapis.com/v1/projects/accounting-app-fd24c:testIamPermissions [none]
[debug] [2026-03-04T17:34:26.003Z] >>> [apiv2][(partial)header] POST https://cloudresourcemanager.googleapis.com/v1/projects/accounting-app-fd24c:testIamPermissions  x-goog-user-project=accounting-app-fd24c
[debug] [2026-03-04T17:34:26.003Z] >>> [apiv2][body] POST https://cloudresourcemanager.googleapis.com/v1/projects/accounting-app-fd24c:testIamPermissions {"permissions":["firebase.projects.get","firebasehosting.sites.update"]}
[debug] [2026-03-04T17:34:27.450Z] <<< [apiv2][status] POST https://cloudresourcemanager.googleapis.com/v1/projects/accounting-app-fd24c:testIamPermissions 200
[debug] [2026-03-04T17:34:27.450Z] <<< [apiv2][body] POST https://cloudresourcemanager.googleapis.com/v1/projects/accounting-app-fd24c:testIamPermissions {"permissions":["firebase.projects.get","firebasehosting.sites.update"]}
[debug] [2026-03-04T17:34:27.451Z] Checked if tokens are valid: true, expires at: 1772649191658
[debug] [2026-03-04T17:34:27.451Z] Checked if tokens are valid: true, expires at: 1772649191658
[debug] [2026-03-04T17:34:27.451Z] >>> [apiv2][query] GET https://firebase.googleapis.com/v1beta1/projects/accounting-app-fd24c [none]
[debug] [2026-03-04T17:34:28.033Z] <<< [apiv2][status] GET https://firebase.googleapis.com/v1beta1/projects/accounting-app-fd24c 200
[debug] [2026-03-04T17:34:28.034Z] <<< [apiv2][body] GET https://firebase.googleapis.com/v1beta1/projects/accounting-app-fd24c {"projectId":"accounting-app-fd24c","projectNumber":"103762444389","displayName":"SULTAN","name":"projects/accounting-app-fd24c","resources":{"hostingSite":"accounting-app-fd24c"},"state":"ACTIVE","etag":"1_92cdf3f9-0422-41a0-9ed1-bb9c9fc6dffc"}
[debug] [2026-03-04T17:34:29.712Z] defaultcredentials: writing to file C:\Users\SULTAN\AppData\Roaming\firebase\sulemanshahdinarkhel_gmail_com_application_default_credentials.json
[debug] [2026-03-04T17:34:29.714Z] Checked if tokens are valid: true, expires at: 1772649191658
[debug] [2026-03-04T17:34:29.714Z] Checked if tokens are valid: true, expires at: 1772649191658
[debug] [2026-03-04T17:34:29.714Z] >>> [apiv2][query] GET https://firebasehosting.googleapis.com/v1beta1/projects/accounting-app-fd24c/sites pageToken=&pageSize=10
[debug] [2026-03-04T17:34:31.502Z] <<< [apiv2][status] GET https://firebasehosting.googleapis.com/v1beta1/projects/accounting-app-fd24c/sites 200
[debug] [2026-03-04T17:34:31.502Z] <<< [apiv2][body] GET https://firebasehosting.googleapis.com/v1beta1/projects/accounting-app-fd24c/sites {"sites":[{"name":"projects/accounting-app-fd24c/sites/accounting-app-fd24c","defaultUrl":"https://accounting-app-fd24c.web.app","appId":"1:103762444389:web:81dd312ba429a51afb068c","type":"DEFAULT_SITE"}]}
[debug] [2026-03-04T17:34:31.502Z] Checked if tokens are valid: true, expires at: 1772649191658
[debug] [2026-03-04T17:34:31.502Z] Checked if tokens are valid: true, expires at: 1772649191658
[debug] [2026-03-04T17:34:31.502Z] >>> [apiv2][query] GET https://firebase.googleapis.com/v1beta1/projects/-/webApps/1:103762444389:web:81dd312ba429a51afb068c/config [none]
[debug] [2026-03-04T17:34:32.069Z] <<< [apiv2][status] GET https://firebase.googleapis.com/v1beta1/projects/-/webApps/1:103762444389:web:81dd312ba429a51afb068c/config 200
[debug] [2026-03-04T17:34:32.069Z] <<< [apiv2][body] GET https://firebase.googleapis.com/v1beta1/projects/-/webApps/1:103762444389:web:81dd312ba429a51afb068c/config {"projectId":"accounting-app-fd24c","appId":"1:103762444389:web:81dd312ba429a51afb068c","storageBucket":"accounting-app-fd24c.firebasestorage.app","apiKey":"AIzaSyCSZ4aZ2MDpPwUpTQu0exLSyOnZwTa2SE8","authDomain":"accounting-app-fd24c.firebaseapp.com","messagingSenderId":"103762444389","measurementId":"G-5WX07EEECE","projectNumber":"103762444389","version":"2"}
[info] 
   Thank you for trying our early preview of Next.js support on Firebase Hosting.
   During the preview, support is best-effort and breaking changes can be expected. Proceed with caution.
   The integration is known to work with Next.js version 12 - 15.0. You may encounter errors.

   Documentation: https://firebase.google.com/docs/hosting/frameworks/nextjs
   File a bug: https://github.com/firebase/firebase-tools/issues/new?template=bug_report.md
   Submit a feature request: https://github.com/firebase/firebase-tools/issues/new?template=feature_request.md

   We'd love to learn from you. Express your interest in helping us shape the future of Firebase Hosting: https://goo.gle/41enW5X

[debug] [2026-03-04T17:34:36.775Z] Checked if tokens are valid: true, expires at: 1772649191658
[debug] [2026-03-04T17:34:36.775Z] Checked if tokens are valid: true, expires at: 1772649191658
[debug] [2026-03-04T17:34:36.775Z] >>> [apiv2][query] GET https://firebasehosting.googleapis.com/v1beta1/projects/accounting-app-fd24c/sites/accounting-app-fd24c [none]
[debug] [2026-03-04T17:34:38.314Z] <<< [apiv2][status] GET https://firebasehosting.googleapis.com/v1beta1/projects/accounting-app-fd24c/sites/accounting-app-fd24c 200
[debug] [2026-03-04T17:34:38.314Z] <<< [apiv2][body] GET https://firebasehosting.googleapis.com/v1beta1/projects/accounting-app-fd24c/sites/accounting-app-fd24c {"name":"projects/accounting-app-fd24c/sites/accounting-app-fd24c","defaultUrl":"https://accounting-app-fd24c.web.app","appId":"1:103762444389:web:81dd312ba429a51afb068c","type":"DEFAULT_SITE"}
[info] ▲ Next.js 16.1.6 (Turbopack)

[info] - Environments: .env


[info]   Creating an optimized production build ...

[info] 

[info] [229.62ms] [@tailwindcss/postcss] app\globals.css
[  0.10ms]   ↳ Quick bail check
[106.25ms]   ↳ Setup compiler
[  0.46ms]     ↳ PostCSS AST -> Tailwind CSS AST
[105.76ms]     ↳ Create compiler
[  0.23ms]   ↳ Register full rebuild paths
[  2.23ms]   ↳ Setup scanner

[info] [ 29.18ms]   ↳ Scan for candidates
[ 12.23ms]   ↳ Register dependency messages
[ 43.29ms]   ↳ Build utilities

[info] [ 29.23ms]   ↳ Optimization
[  1.29ms]     ↳ AST -> CSS
[ 14.21ms]     ↳ Lightning CSS
[ 13.68ms]     ↳ CSS -> PostCSS AST
[  5.99ms]   ↳ Update PostCSS AST


[info] ✓ Compiled successfully in 5.2s

[info]   Running TypeScript ...

[info]   Collecting page data using 11 workers ...

[info]   Generating static pages using 11 workers (0/23) ...

[info]   Generating static pages using 11 workers (5/23) 

[info]   Generating static pages using 11 workers (11/23) 

[info]   Generating static pages using 11 workers (17/23) 

[info] ✓ Generating static pages using 11 workers (23/23) in 412.5ms

[info]   Finalizing page optimization ...

[info] 

[info] Route (app)
┌ ƒ /
├ ○ /_not-found
├ ○ /accounts
├ ○ /admin/login
├ ○ /admin/users
├ ƒ /api/accounts
├ ƒ /api/admin/users
├ ƒ /api/admin/users/[id]
├ ƒ /api/auth/login-lookup
├ ƒ /api/auth/register
├ ƒ /api/auth/role
├ ƒ /api/bills
├ ƒ /api/customers
├ ƒ /api/invoices
├ ƒ /api/journal
├ ƒ /api/payments
├ ƒ /api/seed
├ ƒ /api/vendors
├ ○ /customers
├ ƒ /journal
├ ○ /journal/create
├ ○ /login
├ ○ /register
├ ƒ /reports
└ ○ /vendors


[info] 
○  (Static)   prerendered as static content
ƒ  (Dynamic)  server-rendered on demand


[info] Building a Cloud Function to run this application. This is needed due to:
[info]  • non-static component /api/accounts/route
[info]  • non-static component /api/admin/users/[id]/route
[info]  • non-static component /api/admin/users/route
[info]  • non-static component /api/auth/login-lookup/route
[info]  • non-static component /api/auth/register/route
[debug] [2026-03-04T17:34:53.323Z]  • non-static component /api/auth/role/route
[debug] [2026-03-04T17:34:53.323Z]  • non-static component /api/bills/route
[debug] [2026-03-04T17:34:53.323Z]  • non-static component /api/customers/route
[debug] [2026-03-04T17:34:53.323Z]  • non-static component /api/invoices/route
[debug] [2026-03-04T17:34:53.323Z]  • non-static component /api/journal/route
[debug] [2026-03-04T17:34:53.323Z]  • non-static component /api/payments/route
[debug] [2026-03-04T17:34:53.323Z]  • non-static component /api/seed/route
[debug] [2026-03-04T17:34:53.323Z]  • non-static component /api/vendors/route
[debug] [2026-03-04T17:34:53.323Z]  • non-static component /journal/page
[debug] [2026-03-04T17:34:53.323Z]  • non-static component /page
[debug] [2026-03-04T17:34:53.323Z]  • non-static component /reports/page
[info] 
[debug] [2026-03-04T17:34:53.763Z] Checked if tokens are valid: true, expires at: 1772649191658
[debug] [2026-03-04T17:34:53.763Z] Checked if tokens are valid: true, expires at: 1772649191658
[debug] [2026-03-04T17:34:53.763Z] >>> [apiv2][query] GET https://firebasehosting.googleapis.com/v1beta1/projects/accounting-app-fd24c/sites/accounting-app-fd24c [none]
[debug] [2026-03-04T17:34:55.225Z] <<< [apiv2][status] GET https://firebasehosting.googleapis.com/v1beta1/projects/accounting-app-fd24c/sites/accounting-app-fd24c 200
[debug] [2026-03-04T17:34:55.225Z] <<< [apiv2][body] GET https://firebasehosting.googleapis.com/v1beta1/projects/accounting-app-fd24c/sites/accounting-app-fd24c {"name":"projects/accounting-app-fd24c/sites/accounting-app-fd24c","defaultUrl":"https://accounting-app-fd24c.web.app","appId":"1:103762444389:web:81dd312ba429a51afb068c","type":"DEFAULT_SITE"}
[debug] [2026-03-04T17:34:56.420Z] Error: EPERM: operation not permitted, symlink 'C:\Users\SULTAN\Desktop\ACCOUNTING APP PROTOTYPE\node_modules\@prisma\client' -> 'C:\Users\SULTAN\Desktop\ACCOUNTING APP PROTOTYPE\.firebase\accounting-app-fd24c\functions\.next\node_modules\@prisma\client-2c3a283f134fdcb6'
[debug] [2026-03-04T17:35:09.213Z] ----------------------------------------------------------------------
[debug] [2026-03-04T17:35:09.216Z] Command:       C:\Program Files\nodejs\node.exe C:\Users\SULTAN\AppData\Local\npm-cache\_npx\7750544ccf494d8b\node_modules\firebase-tools\lib\bin\firebase.js deploy --only hosting --project accounting-app-fd24c
[debug] [2026-03-04T17:35:09.216Z] CLI Version:   15.8.0
[debug] [2026-03-04T17:35:09.216Z] Platform:      win32
[debug] [2026-03-04T17:35:09.216Z] Node Version:  v25.6.1
[debug] [2026-03-04T17:35:09.216Z] Time:          Wed Mar 04 2026 22:35:09 GMT+0500 (Pakistan Standard Time)
[debug] [2026-03-04T17:35:09.216Z] ----------------------------------------------------------------------
[debug] 
[debug] [2026-03-04T17:35:10.860Z] > command requires scopes: ["email","openid","https://www.googleapis.com/auth/cloudplatformprojects.readonly","https://www.googleapis.com/auth/firebase","https://www.googleapis.com/auth/cloud-platform"]
[debug] [2026-03-04T17:35:10.861Z] > authorizing via signed-in user (sulemanshahdinarkhel@gmail.com)
[debug] [2026-03-04T17:35:10.862Z] [iam] checking project accounting-app-fd24c for permissions ["firebase.projects.get","firebasehosting.sites.update"]
[debug] [2026-03-04T17:35:10.864Z] Checked if tokens are valid: true, expires at: 1772649191658
[debug] [2026-03-04T17:35:10.865Z] Checked if tokens are valid: true, expires at: 1772649191658
[debug] [2026-03-04T17:35:10.866Z] >>> [apiv2][query] POST https://cloudresourcemanager.googleapis.com/v1/projects/accounting-app-fd24c:testIamPermissions [none]
[debug] [2026-03-04T17:35:10.866Z] >>> [apiv2][(partial)header] POST https://cloudresourcemanager.googleapis.com/v1/projects/accounting-app-fd24c:testIamPermissions  x-goog-user-project=accounting-app-fd24c
[debug] [2026-03-04T17:35:10.866Z] >>> [apiv2][body] POST https://cloudresourcemanager.googleapis.com/v1/projects/accounting-app-fd24c:testIamPermissions {"permissions":["firebase.projects.get","firebasehosting.sites.update"]}
[debug] [2026-03-04T17:35:12.335Z] <<< [apiv2][status] POST https://cloudresourcemanager.googleapis.com/v1/projects/accounting-app-fd24c:testIamPermissions 200
[debug] [2026-03-04T17:35:12.335Z] <<< [apiv2][body] POST https://cloudresourcemanager.googleapis.com/v1/projects/accounting-app-fd24c:testIamPermissions {"permissions":["firebase.projects.get","firebasehosting.sites.update"]}
[debug] [2026-03-04T17:35:12.336Z] Checked if tokens are valid: true, expires at: 1772649191658
[debug] [2026-03-04T17:35:12.336Z] Checked if tokens are valid: true, expires at: 1772649191658
[debug] [2026-03-04T17:35:12.336Z] >>> [apiv2][query] GET https://firebase.googleapis.com/v1beta1/projects/accounting-app-fd24c [none]
[debug] [2026-03-04T17:35:12.918Z] <<< [apiv2][status] GET https://firebase.googleapis.com/v1beta1/projects/accounting-app-fd24c 200
[debug] [2026-03-04T17:35:12.918Z] <<< [apiv2][body] GET https://firebase.googleapis.com/v1beta1/projects/accounting-app-fd24c {"projectId":"accounting-app-fd24c","projectNumber":"103762444389","displayName":"SULTAN","name":"projects/accounting-app-fd24c","resources":{"hostingSite":"accounting-app-fd24c"},"state":"ACTIVE","etag":"1_92cdf3f9-0422-41a0-9ed1-bb9c9fc6dffc"}
[debug] [2026-03-04T17:35:15.508Z] defaultcredentials: writing to file C:\Users\SULTAN\AppData\Roaming\firebase\sulemanshahdinarkhel_gmail_com_application_default_credentials.json
[debug] [2026-03-04T17:35:15.511Z] Checked if tokens are valid: true, expires at: 1772649191658
[debug] [2026-03-04T17:35:15.511Z] Checked if tokens are valid: true, expires at: 1772649191658
[debug] [2026-03-04T17:35:15.512Z] >>> [apiv2][query] GET https://firebasehosting.googleapis.com/v1beta1/projects/accounting-app-fd24c/sites pageToken=&pageSize=10
[debug] [2026-03-04T17:35:17.588Z] <<< [apiv2][status] GET https://firebasehosting.googleapis.com/v1beta1/projects/accounting-app-fd24c/sites 200
[debug] [2026-03-04T17:35:17.588Z] <<< [apiv2][body] GET https://firebasehosting.googleapis.com/v1beta1/projects/accounting-app-fd24c/sites {"sites":[{"name":"projects/accounting-app-fd24c/sites/accounting-app-fd24c","defaultUrl":"https://accounting-app-fd24c.web.app","appId":"1:103762444389:web:81dd312ba429a51afb068c","type":"DEFAULT_SITE"}]}
[debug] [2026-03-04T17:35:17.588Z] Checked if tokens are valid: true, expires at: 1772649191658
[debug] [2026-03-04T17:35:17.588Z] Checked if tokens are valid: true, expires at: 1772649191658
[debug] [2026-03-04T17:35:17.589Z] >>> [apiv2][query] GET https://firebase.googleapis.com/v1beta1/projects/-/webApps/1:103762444389:web:81dd312ba429a51afb068c/config [none]
[debug] [2026-03-04T17:35:18.219Z] <<< [apiv2][status] GET https://firebase.googleapis.com/v1beta1/projects/-/webApps/1:103762444389:web:81dd312ba429a51afb068c/config 200
[debug] [2026-03-04T17:35:18.219Z] <<< [apiv2][body] GET https://firebase.googleapis.com/v1beta1/projects/-/webApps/1:103762444389:web:81dd312ba429a51afb068c/config {"projectId":"accounting-app-fd24c","appId":"1:103762444389:web:81dd312ba429a51afb068c","storageBucket":"accounting-app-fd24c.firebasestorage.app","apiKey":"AIzaSyCSZ4aZ2MDpPwUpTQu0exLSyOnZwTa2SE8","authDomain":"accounting-app-fd24c.firebaseapp.com","messagingSenderId":"103762444389","measurementId":"G-5WX07EEECE","projectNumber":"103762444389","version":"2"}
[info] 
   Thank you for trying our early preview of Next.js support on Firebase Hosting.
   During the preview, support is best-effort and breaking changes can be expected. Proceed with caution.
   The integration is known to work with Next.js version 12 - 15.0. You may encounter errors.

   Documentation: https://firebase.google.com/docs/hosting/frameworks/nextjs
   File a bug: https://github.com/firebase/firebase-tools/issues/new?template=bug_report.md
   Submit a feature request: https://github.com/firebase/firebase-tools/issues/new?template=feature_request.md

   We'd love to learn from you. Express your interest in helping us shape the future of Firebase Hosting: https://goo.gle/41enW5X

[debug] [2026-03-04T17:35:23.075Z] Checked if tokens are valid: true, expires at: 1772649191658
[debug] [2026-03-04T17:35:23.075Z] Checked if tokens are valid: true, expires at: 1772649191658
[debug] [2026-03-04T17:35:23.075Z] >>> [apiv2][query] GET https://firebasehosting.googleapis.com/v1beta1/projects/accounting-app-fd24c/sites/accounting-app-fd24c [none]
[debug] [2026-03-04T17:35:24.573Z] <<< [apiv2][status] GET https://firebasehosting.googleapis.com/v1beta1/projects/accounting-app-fd24c/sites/accounting-app-fd24c 200
[debug] [2026-03-04T17:35:24.573Z] <<< [apiv2][body] GET https://firebasehosting.googleapis.com/v1beta1/projects/accounting-app-fd24c/sites/accounting-app-fd24c {"name":"projects/accounting-app-fd24c/sites/accounting-app-fd24c","defaultUrl":"https://accounting-app-fd24c.web.app","appId":"1:103762444389:web:81dd312ba429a51afb068c","type":"DEFAULT_SITE"}
[info] ▲ Next.js 16.1.6 (Turbopack)

[info] - Environments: .env


[info]   Creating an optimized production build ...

[info] ✓ Compiled successfully in 9.8s

[info]   Running TypeScript ...

[info]   Collecting page data using 11 workers ...

[info]   Generating static pages using 11 workers (0/23) ...

[info]   Generating static pages using 11 workers (5/23) 

[info]   Generating static pages using 11 workers (11/23) 

[info]   Generating static pages using 11 workers (17/23) 

[info] ✓ Generating static pages using 11 workers (23/23) in 439.4ms

[info]   Finalizing page optimization ...

[info] 

[info] Route (app)
┌ ƒ /
├ ○ /_not-found
├ ○ /accounts
├ ○ /admin/login
├ ○ /admin/users
├ ƒ /api/accounts
├ ƒ /api/admin/users
├ ƒ /api/admin/users/[id]
├ ƒ /api/auth/login-lookup
├ ƒ /api/auth/register
├ ƒ /api/auth/role
├ ƒ /api/bills
├ ƒ /api/customers
├ ƒ /api/invoices
├ ƒ /api/journal
├ ƒ /api/payments
├ ƒ /api/seed
├ ƒ /api/vendors
├ ○ /customers
├ ƒ /journal
├ ○ /journal/create
├ ○ /login
├ ○ /register
├ ƒ /reports
└ ○ /vendors


[info] 
○  (Static)   prerendered as static content
ƒ  (Dynamic)  server-rendered on demand


[info] Building a Cloud Function to run this application. This is needed due to:
[info]  • non-static component /api/accounts/route
[info]  • non-static component /api/admin/users/[id]/route
[info]  • non-static component /api/admin/users/route
[info]  • non-static component /api/auth/login-lookup/route
[info]  • non-static component /api/auth/register/route
[debug] [2026-03-04T17:35:49.163Z]  • non-static component /api/auth/role/route
[debug] [2026-03-04T17:35:49.163Z]  • non-static component /api/bills/route
[debug] [2026-03-04T17:35:49.163Z]  • non-static component /api/customers/route
[debug] [2026-03-04T17:35:49.163Z]  • non-static component /api/invoices/route
[debug] [2026-03-04T17:35:49.163Z]  • non-static component /api/journal/route
[debug] [2026-03-04T17:35:49.164Z]  • non-static component /api/payments/route
[debug] [2026-03-04T17:35:49.164Z]  • non-static component /api/seed/route
[debug] [2026-03-04T17:35:49.164Z]  • non-static component /api/vendors/route
[debug] [2026-03-04T17:35:49.164Z]  • non-static component /journal/page
[debug] [2026-03-04T17:35:49.164Z]  • non-static component /page
[debug] [2026-03-04T17:35:49.164Z]  • non-static component /reports/page
[info]  • and 11 other reasons, use --debug to see more
[info] 
[debug] [2026-03-04T17:35:49.925Z] Checked if tokens are valid: true, expires at: 1772649191658
[debug] [2026-03-04T17:35:49.925Z] Checked if tokens are valid: true, expires at: 1772649191658
[debug] [2026-03-04T17:35:49.926Z] >>> [apiv2][query] GET https://firebasehosting.googleapis.com/v1beta1/projects/accounting-app-fd24c/sites/accounting-app-fd24c [none]
[debug] [2026-03-04T17:35:51.392Z] <<< [apiv2][status] GET https://firebasehosting.googleapis.com/v1beta1/projects/accounting-app-fd24c/sites/accounting-app-fd24c 200
[debug] [2026-03-04T17:35:51.393Z] <<< [apiv2][body] GET https://firebasehosting.googleapis.com/v1beta1/projects/accounting-app-fd24c/sites/accounting-app-fd24c {"name":"projects/accounting-app-fd24c/sites/accounting-app-fd24c","defaultUrl":"https://accounting-app-fd24c.web.app","appId":"1:103762444389:web:81dd312ba429a51afb068c","type":"DEFAULT_SITE"}
[debug] [2026-03-04T17:35:54.248Z] Error: EPERM: operation not permitted, symlink 'C:\Users\SULTAN\Desktop\ACCOUNTING APP PROTOTYPE\node_modules\@prisma\client' -> 'C:\Users\SULTAN\Desktop\ACCOUNTING APP PROTOTYPE\.firebase\accounting-app-fd24c\functions\.next\node_modules\@prisma\client-2c3a283f134fdcb6'
[debug] [2026-03-04T17:36:06.699Z] ----------------------------------------------------------------------
[debug] [2026-03-04T17:36:06.701Z] Command:       C:\Program Files\nodejs\node.exe C:\Users\SULTAN\AppData\Local\npm-cache\_npx\7750544ccf494d8b\node_modules\firebase-tools\lib\bin\firebase.js deploy --only hosting --project accounting-app-fd24c --debug
[debug] [2026-03-04T17:36:06.701Z] CLI Version:   15.8.0
[debug] [2026-03-04T17:36:06.702Z] Platform:      win32
[debug] [2026-03-04T17:36:06.702Z] Node Version:  v25.6.1
[debug] [2026-03-04T17:36:06.702Z] Time:          Wed Mar 04 2026 22:36:06 GMT+0500 (Pakistan Standard Time)
[debug] [2026-03-04T17:36:06.702Z] ----------------------------------------------------------------------
[debug] 
[debug] [2026-03-04T17:36:08.023Z] > command requires scopes: ["email","openid","https://www.googleapis.com/auth/cloudplatformprojects.readonly","https://www.googleapis.com/auth/firebase","https://www.googleapis.com/auth/cloud-platform"]
[debug] [2026-03-04T17:36:08.025Z] > authorizing via signed-in user (sulemanshahdinarkhel@gmail.com)
[debug] [2026-03-04T17:36:08.025Z] [iam] checking project accounting-app-fd24c for permissions ["firebase.projects.get","firebasehosting.sites.update"]
[debug] [2026-03-04T17:36:08.026Z] Checked if tokens are valid: true, expires at: 1772649191658
[debug] [2026-03-04T17:36:08.026Z] Checked if tokens are valid: true, expires at: 1772649191658
[debug] [2026-03-04T17:36:08.027Z] >>> [apiv2][query] POST https://cloudresourcemanager.googleapis.com/v1/projects/accounting-app-fd24c:testIamPermissions [none]
[debug] [2026-03-04T17:36:08.028Z] >>> [apiv2][(partial)header] POST https://cloudresourcemanager.googleapis.com/v1/projects/accounting-app-fd24c:testIamPermissions  x-goog-user-project=accounting-app-fd24c
[debug] [2026-03-04T17:36:08.028Z] >>> [apiv2][body] POST https://cloudresourcemanager.googleapis.com/v1/projects/accounting-app-fd24c:testIamPermissions {"permissions":["firebase.projects.get","firebasehosting.sites.update"]}
[debug] [2026-03-04T17:36:09.576Z] <<< [apiv2][status] POST https://cloudresourcemanager.googleapis.com/v1/projects/accounting-app-fd24c:testIamPermissions 200
[debug] [2026-03-04T17:36:09.576Z] <<< [apiv2][body] POST https://cloudresourcemanager.googleapis.com/v1/projects/accounting-app-fd24c:testIamPermissions {"permissions":["firebase.projects.get","firebasehosting.sites.update"]}
[debug] [2026-03-04T17:36:09.577Z] Checked if tokens are valid: true, expires at: 1772649191658
[debug] [2026-03-04T17:36:09.577Z] Checked if tokens are valid: true, expires at: 1772649191658
[debug] [2026-03-04T17:36:09.578Z] >>> [apiv2][query] GET https://firebase.googleapis.com/v1beta1/projects/accounting-app-fd24c [none]
[debug] [2026-03-04T17:36:10.127Z] <<< [apiv2][status] GET https://firebase.googleapis.com/v1beta1/projects/accounting-app-fd24c 200
[debug] [2026-03-04T17:36:10.128Z] <<< [apiv2][body] GET https://firebase.googleapis.com/v1beta1/projects/accounting-app-fd24c {"projectId":"accounting-app-fd24c","projectNumber":"103762444389","displayName":"SULTAN","name":"projects/accounting-app-fd24c","resources":{"hostingSite":"accounting-app-fd24c"},"state":"ACTIVE","etag":"1_92cdf3f9-0422-41a0-9ed1-bb9c9fc6dffc"}
[debug] [2026-03-04T17:36:11.736Z] defaultcredentials: writing to file C:\Users\SULTAN\AppData\Roaming\firebase\sulemanshahdinarkhel_gmail_com_application_default_credentials.json
[debug] [2026-03-04T17:36:11.740Z] Checked if tokens are valid: true, expires at: 1772649191658
[debug] [2026-03-04T17:36:11.740Z] Checked if tokens are valid: true, expires at: 1772649191658
[debug] [2026-03-04T17:36:11.741Z] >>> [apiv2][query] GET https://firebasehosting.googleapis.com/v1beta1/projects/accounting-app-fd24c/sites pageToken=&pageSize=10
[debug] [2026-03-04T17:36:13.500Z] <<< [apiv2][status] GET https://firebasehosting.googleapis.com/v1beta1/projects/accounting-app-fd24c/sites 200
[debug] [2026-03-04T17:36:13.501Z] <<< [apiv2][body] GET https://firebasehosting.googleapis.com/v1beta1/projects/accounting-app-fd24c/sites {"sites":[{"name":"projects/accounting-app-fd24c/sites/accounting-app-fd24c","defaultUrl":"https://accounting-app-fd24c.web.app","appId":"1:103762444389:web:81dd312ba429a51afb068c","type":"DEFAULT_SITE"}]}
[debug] [2026-03-04T17:36:13.501Z] Checked if tokens are valid: true, expires at: 1772649191658
[debug] [2026-03-04T17:36:13.501Z] Checked if tokens are valid: true, expires at: 1772649191658
[debug] [2026-03-04T17:36:13.501Z] >>> [apiv2][query] GET https://firebase.googleapis.com/v1beta1/projects/-/webApps/1:103762444389:web:81dd312ba429a51afb068c/config [none]
[debug] [2026-03-04T17:36:14.298Z] <<< [apiv2][status] GET https://firebase.googleapis.com/v1beta1/projects/-/webApps/1:103762444389:web:81dd312ba429a51afb068c/config 200
[debug] [2026-03-04T17:36:14.299Z] <<< [apiv2][body] GET https://firebase.googleapis.com/v1beta1/projects/-/webApps/1:103762444389:web:81dd312ba429a51afb068c/config {"projectId":"accounting-app-fd24c","appId":"1:103762444389:web:81dd312ba429a51afb068c","storageBucket":"accounting-app-fd24c.firebasestorage.app","apiKey":"AIzaSyCSZ4aZ2MDpPwUpTQu0exLSyOnZwTa2SE8","authDomain":"accounting-app-fd24c.firebaseapp.com","messagingSenderId":"103762444389","measurementId":"G-5WX07EEECE","projectNumber":"103762444389","version":"2"}
[info] 
   Thank you for trying our early preview of Next.js support on Firebase Hosting.
   During the preview, support is best-effort and breaking changes can be expected. Proceed with caution.
   The integration is known to work with Next.js version 12 - 15.0. You may encounter errors.

   Documentation: https://firebase.google.com/docs/hosting/frameworks/nextjs
   File a bug: https://github.com/firebase/firebase-tools/issues/new?template=bug_report.md
   Submit a feature request: https://github.com/firebase/firebase-tools/issues/new?template=feature_request.md

   We'd love to learn from you. Express your interest in helping us shape the future of Firebase Hosting: https://goo.gle/41enW5X

[debug] [2026-03-04T17:36:18.813Z] Checked if tokens are valid: true, expires at: 1772649191658
[debug] [2026-03-04T17:36:18.813Z] Checked if tokens are valid: true, expires at: 1772649191658
[debug] [2026-03-04T17:36:18.814Z] >>> [apiv2][query] GET https://firebasehosting.googleapis.com/v1beta1/projects/accounting-app-fd24c/sites/accounting-app-fd24c [none]
[debug] [2026-03-04T17:36:20.339Z] <<< [apiv2][status] GET https://firebasehosting.googleapis.com/v1beta1/projects/accounting-app-fd24c/sites/accounting-app-fd24c 200
[debug] [2026-03-04T17:36:20.339Z] <<< [apiv2][body] GET https://firebasehosting.googleapis.com/v1beta1/projects/accounting-app-fd24c/sites/accounting-app-fd24c {"name":"projects/accounting-app-fd24c/sites/accounting-app-fd24c","defaultUrl":"https://accounting-app-fd24c.web.app","appId":"1:103762444389:web:81dd312ba429a51afb068c","type":"DEFAULT_SITE"}
[info] ▲ Next.js 16.1.6 (Turbopack)

[info] - Environments: .env


[info]   Creating an optimized production build ...

[info] 

[info] [215.41ms] [@tailwindcss/postcss] app\globals.css
[  0.10ms]   ↳ Quick bail check
[117.40ms]   ↳ Setup compiler

[info] [  0.58ms]     ↳ PostCSS AST -> Tailwind CSS AST
[116.79ms]     ↳ Create compiler
[  0.17ms]   ↳ Register full rebuild paths

[info] [  2.95ms]   ↳ Setup scanner
[ 16.53ms]   ↳ Scan for candidates
[  8.95ms]   ↳ Register dependency messages

[info] [ 33.26ms]   ↳ Build utilities

[info] [ 30.62ms]   ↳ Optimization

[info] [  1.26ms]     ↳ AST -> CSS
[ 17.37ms]     ↳ Lightning CSS
[ 11.94ms]     ↳ CSS -> PostCSS AST
[  4.79ms]   ↳ Update PostCSS AST

[info] 

[info] ✓ Compiled successfully in 10.5s

[info]   Running TypeScript ...

[info]   Collecting page data using 11 workers ...

[info]   Generating static pages using 11 workers (0/23) ...

[info]   Generating static pages using 11 workers (5/23) 

[info]   Generating static pages using 11 workers (11/23) 

[info]   Generating static pages using 11 workers (17/23) 

[info] ✓ Generating static pages using 11 workers (23/23) in 435.8ms

[info]   Finalizing page optimization ...

[info] 

[info] Route (app)
┌ ƒ /
├ ○ /_not-found
├ ○ /accounts
├ ○ /admin/login
├ ○ /admin/users
├ ƒ /api/accounts
├ ƒ /api/admin/users
├ ƒ /api/admin/users/[id]
├ ƒ /api/auth/login-lookup
├ ƒ /api/auth/register
├ ƒ /api/auth/role
├ ƒ /api/bills
├ ƒ /api/customers
├ ƒ /api/invoices
├ ƒ /api/journal
├ ƒ /api/payments
├ ƒ /api/seed
├ ƒ /api/vendors
├ ○ /customers
├ ƒ /journal
├ ○ /journal/create
├ ○ /login
├ ○ /register
├ ƒ /reports
└ ○ /vendors


[info] 

[info] ○  (Static)   prerendered as static content
ƒ  (Dynamic)  server-rendered on demand

[info] 

[info] Building a Cloud Function to run this application. This is needed due to:
[info]  • non-static component /api/accounts/route
[info]  • non-static component /api/admin/users/[id]/route
[info]  • non-static component /api/admin/users/route
[info]  • non-static component /api/auth/login-lookup/route
[info]  • non-static component /api/auth/register/route
[debug] [2026-03-04T17:36:46.008Z]  • non-static component /api/auth/role/route
[debug] [2026-03-04T17:36:46.008Z]  • non-static component /api/bills/route
[debug] [2026-03-04T17:36:46.008Z]  • non-static component /api/customers/route
[debug] [2026-03-04T17:36:46.008Z]  • non-static component /api/invoices/route
[debug] [2026-03-04T17:36:46.008Z]  • non-static component /api/journal/route
[debug] [2026-03-04T17:36:46.008Z]  • non-static component /api/payments/route
[debug] [2026-03-04T17:36:46.008Z]  • non-static component /api/seed/route
[debug] [2026-03-04T17:36:46.009Z]  • non-static component /api/vendors/route
[debug] [2026-03-04T17:36:46.009Z]  • non-static component /journal/page
[debug] [2026-03-04T17:36:46.009Z]  • non-static component /page
[debug] [2026-03-04T17:36:46.009Z]  • non-static component /reports/page
[info] 
[debug] [2026-03-04T17:36:46.177Z] Checked if tokens are valid: true, expires at: 1772649191658
[debug] [2026-03-04T17:36:46.177Z] Checked if tokens are valid: true, expires at: 1772649191658
[debug] [2026-03-04T17:36:46.178Z] >>> [apiv2][query] GET https://firebasehosting.googleapis.com/v1beta1/projects/accounting-app-fd24c/sites/accounting-app-fd24c [none]
[debug] [2026-03-04T17:36:47.687Z] <<< [apiv2][status] GET https://firebasehosting.googleapis.com/v1beta1/projects/accounting-app-fd24c/sites/accounting-app-fd24c 200
[debug] [2026-03-04T17:36:47.687Z] <<< [apiv2][body] GET https://firebasehosting.googleapis.com/v1beta1/projects/accounting-app-fd24c/sites/accounting-app-fd24c {"name":"projects/accounting-app-fd24c/sites/accounting-app-fd24c","defaultUrl":"https://accounting-app-fd24c.web.app","appId":"1:103762444389:web:81dd312ba429a51afb068c","type":"DEFAULT_SITE"}
[debug] [2026-03-04T17:36:50.798Z] Error: ENOENT: no such file or directory, lstat 'C:\Users\SULTAN\Desktop\ACCOUNTING APP PROTOTYPE\.next\dev\cache\turbopack\23c46498\00000459.meta'
[error] 
[error] Error: An unexpected error has occurred.
[debug] [2026-03-04T17:37:04.416Z] ----------------------------------------------------------------------
[debug] [2026-03-04T17:37:04.418Z] Command:       C:\Program Files\nodejs\node.exe C:\Users\SULTAN\AppData\Local\npm-cache\_npx\7750544ccf494d8b\node_modules\firebase-tools\lib\bin\firebase.js deploy --only hosting --project accounting-app-fd24c
[debug] [2026-03-04T17:37:04.419Z] CLI Version:   15.8.0
[debug] [2026-03-04T17:37:04.419Z] Platform:      win32
[debug] [2026-03-04T17:37:04.419Z] Node Version:  v25.6.1
[debug] [2026-03-04T17:37:04.419Z] Time:          Wed Mar 04 2026 22:37:04 GMT+0500 (Pakistan Standard Time)
[debug] [2026-03-04T17:37:04.419Z] ----------------------------------------------------------------------
[debug] 
[debug] [2026-03-04T17:37:06.106Z] > command requires scopes: ["email","openid","https://www.googleapis.com/auth/cloudplatformprojects.readonly","https://www.googleapis.com/auth/firebase","https://www.googleapis.com/auth/cloud-platform"]
[debug] [2026-03-04T17:37:06.107Z] > authorizing via signed-in user (sulemanshahdinarkhel@gmail.com)
[debug] [2026-03-04T17:37:06.107Z] [iam] checking project accounting-app-fd24c for permissions ["firebase.projects.get","firebasehosting.sites.update"]
[debug] [2026-03-04T17:37:06.109Z] Checked if tokens are valid: true, expires at: 1772649191658
[debug] [2026-03-04T17:37:06.109Z] Checked if tokens are valid: true, expires at: 1772649191658
[debug] [2026-03-04T17:37:06.110Z] >>> [apiv2][query] POST https://cloudresourcemanager.googleapis.com/v1/projects/accounting-app-fd24c:testIamPermissions [none]
[debug] [2026-03-04T17:37:06.110Z] >>> [apiv2][(partial)header] POST https://cloudresourcemanager.googleapis.com/v1/projects/accounting-app-fd24c:testIamPermissions  x-goog-user-project=accounting-app-fd24c
[debug] [2026-03-04T17:37:06.110Z] >>> [apiv2][body] POST https://cloudresourcemanager.googleapis.com/v1/projects/accounting-app-fd24c:testIamPermissions {"permissions":["firebase.projects.get","firebasehosting.sites.update"]}
[debug] [2026-03-04T17:37:07.552Z] <<< [apiv2][status] POST https://cloudresourcemanager.googleapis.com/v1/projects/accounting-app-fd24c:testIamPermissions 200
[debug] [2026-03-04T17:37:07.552Z] <<< [apiv2][body] POST https://cloudresourcemanager.googleapis.com/v1/projects/accounting-app-fd24c:testIamPermissions {"permissions":["firebase.projects.get","firebasehosting.sites.update"]}
[debug] [2026-03-04T17:37:07.553Z] Checked if tokens are valid: true, expires at: 1772649191658
[debug] [2026-03-04T17:37:07.553Z] Checked if tokens are valid: true, expires at: 1772649191658
[debug] [2026-03-04T17:37:07.553Z] >>> [apiv2][query] GET https://firebase.googleapis.com/v1beta1/projects/accounting-app-fd24c [none]
[debug] [2026-03-04T17:37:08.169Z] <<< [apiv2][status] GET https://firebase.googleapis.com/v1beta1/projects/accounting-app-fd24c 200
[debug] [2026-03-04T17:37:08.169Z] <<< [apiv2][body] GET https://firebase.googleapis.com/v1beta1/projects/accounting-app-fd24c {"projectId":"accounting-app-fd24c","projectNumber":"103762444389","displayName":"SULTAN","name":"projects/accounting-app-fd24c","resources":{"hostingSite":"accounting-app-fd24c"},"state":"ACTIVE","etag":"1_92cdf3f9-0422-41a0-9ed1-bb9c9fc6dffc"}
[debug] [2026-03-04T17:37:09.886Z] defaultcredentials: writing to file C:\Users\SULTAN\AppData\Roaming\firebase\sulemanshahdinarkhel_gmail_com_application_default_credentials.json
[debug] [2026-03-04T17:37:09.890Z] Checked if tokens are valid: true, expires at: 1772649191658
[debug] [2026-03-04T17:37:09.891Z] Checked if tokens are valid: true, expires at: 1772649191658
[debug] [2026-03-04T17:37:09.891Z] >>> [apiv2][query] GET https://firebasehosting.googleapis.com/v1beta1/projects/accounting-app-fd24c/sites pageToken=&pageSize=10
[debug] [2026-03-04T17:37:11.584Z] <<< [apiv2][status] GET https://firebasehosting.googleapis.com/v1beta1/projects/accounting-app-fd24c/sites 200
[debug] [2026-03-04T17:37:11.584Z] <<< [apiv2][body] GET https://firebasehosting.googleapis.com/v1beta1/projects/accounting-app-fd24c/sites {"sites":[{"name":"projects/accounting-app-fd24c/sites/accounting-app-fd24c","defaultUrl":"https://accounting-app-fd24c.web.app","appId":"1:103762444389:web:81dd312ba429a51afb068c","type":"DEFAULT_SITE"}]}
[debug] [2026-03-04T17:37:11.584Z] Checked if tokens are valid: true, expires at: 1772649191658
[debug] [2026-03-04T17:37:11.584Z] Checked if tokens are valid: true, expires at: 1772649191658
[debug] [2026-03-04T17:37:11.584Z] >>> [apiv2][query] GET https://firebase.googleapis.com/v1beta1/projects/-/webApps/1:103762444389:web:81dd312ba429a51afb068c/config [none]
[debug] [2026-03-04T17:37:12.171Z] <<< [apiv2][status] GET https://firebase.googleapis.com/v1beta1/projects/-/webApps/1:103762444389:web:81dd312ba429a51afb068c/config 200
[debug] [2026-03-04T17:37:12.172Z] <<< [apiv2][body] GET https://firebase.googleapis.com/v1beta1/projects/-/webApps/1:103762444389:web:81dd312ba429a51afb068c/config {"projectId":"accounting-app-fd24c","appId":"1:103762444389:web:81dd312ba429a51afb068c","storageBucket":"accounting-app-fd24c.firebasestorage.app","apiKey":"AIzaSyCSZ4aZ2MDpPwUpTQu0exLSyOnZwTa2SE8","authDomain":"accounting-app-fd24c.firebaseapp.com","messagingSenderId":"103762444389","measurementId":"G-5WX07EEECE","projectNumber":"103762444389","version":"2"}
[info] 
   Thank you for trying our early preview of Next.js support on Firebase Hosting.
   During the preview, support is best-effort and breaking changes can be expected. Proceed with caution.
   The integration is known to work with Next.js version 12 - 15.0. You may encounter errors.

   Documentation: https://firebase.google.com/docs/hosting/frameworks/nextjs
   File a bug: https://github.com/firebase/firebase-tools/issues/new?template=bug_report.md
   Submit a feature request: https://github.com/firebase/firebase-tools/issues/new?template=feature_request.md

   We'd love to learn from you. Express your interest in helping us shape the future of Firebase Hosting: https://goo.gle/41enW5X

[debug] [2026-03-04T17:37:16.741Z] Checked if tokens are valid: true, expires at: 1772649191658
[debug] [2026-03-04T17:37:16.741Z] Checked if tokens are valid: true, expires at: 1772649191658
[debug] [2026-03-04T17:37:16.741Z] >>> [apiv2][query] GET https://firebasehosting.googleapis.com/v1beta1/projects/accounting-app-fd24c/sites/accounting-app-fd24c [none]
[debug] [2026-03-04T17:37:18.270Z] <<< [apiv2][status] GET https://firebasehosting.googleapis.com/v1beta1/projects/accounting-app-fd24c/sites/accounting-app-fd24c 200
[debug] [2026-03-04T17:37:18.271Z] <<< [apiv2][body] GET https://firebasehosting.googleapis.com/v1beta1/projects/accounting-app-fd24c/sites/accounting-app-fd24c {"name":"projects/accounting-app-fd24c/sites/accounting-app-fd24c","defaultUrl":"https://accounting-app-fd24c.web.app","appId":"1:103762444389:web:81dd312ba429a51afb068c","type":"DEFAULT_SITE"}
[info] ▲ Next.js 16.1.6 (Turbopack)

[info] - Environments: .env


[info]   Creating an optimized production build ...

[info] ✓ Compiled successfully in 6.6s

[info]   Running TypeScript ...

[info]   Collecting page data using 11 workers ...

[info]   Generating static pages using 11 workers (0/23) ...

[info]   Generating static pages using 11 workers (5/23) 

[info]   Generating static pages using 11 workers (11/23) 

[info]   Generating static pages using 11 workers (17/23) 

[info] ✓ Generating static pages using 11 workers (23/23) in 412.0ms

[info]   Finalizing page optimization ...

[info] 

[info] Route (app)
┌ ƒ /
├ ○ /_not-found
├ ○ /accounts
├ ○ /admin/login
├ ○ /admin/users
├ ƒ /api/accounts
├ ƒ /api/admin/users
├ ƒ /api/admin/users/[id]
├ ƒ /api/auth/login-lookup
├ ƒ /api/auth/register
├ ƒ /api/auth/role
├ ƒ /api/bills
├ ƒ /api/customers
├ ƒ /api/invoices
├ ƒ /api/journal
├ ƒ /api/payments
├ ƒ /api/seed
├ ƒ /api/vendors
├ ○ /customers
├ ƒ /journal
├ ○ /journal/create
├ ○ /login
├ ○ /register
├ ƒ /reports
└ ○ /vendors


[info] 
○  (Static)   prerendered as static content
ƒ  (Dynamic)  server-rendered on demand


[info] Building a Cloud Function to run this application. This is needed due to:
[info]  • non-static component /api/accounts/route
[info]  • non-static component /api/admin/users/[id]/route
[info]  • non-static component /api/admin/users/route
[info]  • non-static component /api/auth/login-lookup/route
[info]  • non-static component /api/auth/register/route
[debug] [2026-03-04T17:37:35.646Z]  • non-static component /api/auth/role/route
[debug] [2026-03-04T17:37:35.646Z]  • non-static component /api/bills/route
[debug] [2026-03-04T17:37:35.646Z]  • non-static component /api/customers/route
[debug] [2026-03-04T17:37:35.646Z]  • non-static component /api/invoices/route
[debug] [2026-03-04T17:37:35.646Z]  • non-static component /api/journal/route
[debug] [2026-03-04T17:37:35.646Z]  • non-static component /api/payments/route
[debug] [2026-03-04T17:37:35.646Z]  • non-static component /api/seed/route
[debug] [2026-03-04T17:37:35.646Z]  • non-static component /api/vendors/route
[debug] [2026-03-04T17:37:35.646Z]  • non-static component /journal/page
[debug] [2026-03-04T17:37:35.646Z]  • non-static component /page
[debug] [2026-03-04T17:37:35.646Z]  • non-static component /reports/page
[info]  • and 11 other reasons, use --debug to see more
[info] 
[debug] [2026-03-04T17:37:36.238Z] Checked if tokens are valid: true, expires at: 1772649191658
[debug] [2026-03-04T17:37:36.238Z] Checked if tokens are valid: true, expires at: 1772649191658
[debug] [2026-03-04T17:37:36.239Z] >>> [apiv2][query] GET https://firebasehosting.googleapis.com/v1beta1/projects/accounting-app-fd24c/sites/accounting-app-fd24c [none]
[debug] [2026-03-04T17:37:37.713Z] <<< [apiv2][status] GET https://firebasehosting.googleapis.com/v1beta1/projects/accounting-app-fd24c/sites/accounting-app-fd24c 200
[debug] [2026-03-04T17:37:37.713Z] <<< [apiv2][body] GET https://firebasehosting.googleapis.com/v1beta1/projects/accounting-app-fd24c/sites/accounting-app-fd24c {"name":"projects/accounting-app-fd24c/sites/accounting-app-fd24c","defaultUrl":"https://accounting-app-fd24c.web.app","appId":"1:103762444389:web:81dd312ba429a51afb068c","type":"DEFAULT_SITE"}
[debug] [2026-03-04T17:37:39.258Z] Error: EPERM: operation not permitted, symlink 'C:\Users\SULTAN\Desktop\ACCOUNTING APP PROTOTYPE\node_modules\@prisma\client' -> 'C:\Users\SULTAN\Desktop\ACCOUNTING APP PROTOTYPE\.firebase\accounting-app-fd24c\functions\.next\node_modules\@prisma\client-2c3a283f134fdcb6'
[debug] [2026-03-04T17:37:56.776Z] ----------------------------------------------------------------------
[debug] [2026-03-04T17:37:56.777Z] Command:       C:\Program Files\nodejs\node.exe C:\Users\SULTAN\AppData\Local\npm-cache\_npx\7750544ccf494d8b\node_modules\firebase-tools\lib\bin\firebase.js deploy --only hosting --project accounting-app-fd24c --debug
[debug] [2026-03-04T17:37:56.778Z] CLI Version:   15.8.0
[debug] [2026-03-04T17:37:56.778Z] Platform:      win32
[debug] [2026-03-04T17:37:56.778Z] Node Version:  v25.6.1
[debug] [2026-03-04T17:37:56.778Z] Time:          Wed Mar 04 2026 22:37:56 GMT+0500 (Pakistan Standard Time)
[debug] [2026-03-04T17:37:56.778Z] ----------------------------------------------------------------------
[debug] 
[debug] [2026-03-04T17:37:57.665Z] > command requires scopes: ["email","openid","https://www.googleapis.com/auth/cloudplatformprojects.readonly","https://www.googleapis.com/auth/firebase","https://www.googleapis.com/auth/cloud-platform"]
[debug] [2026-03-04T17:37:57.666Z] > authorizing via signed-in user (sulemanshahdinarkhel@gmail.com)
[debug] [2026-03-04T17:37:57.666Z] [iam] checking project accounting-app-fd24c for permissions ["firebase.projects.get","firebasehosting.sites.update"]
[debug] [2026-03-04T17:37:57.667Z] Checked if tokens are valid: true, expires at: 1772649191658
[debug] [2026-03-04T17:37:57.667Z] Checked if tokens are valid: true, expires at: 1772649191658
[debug] [2026-03-04T17:37:57.667Z] >>> [apiv2][query] POST https://cloudresourcemanager.googleapis.com/v1/projects/accounting-app-fd24c:testIamPermissions [none]
[debug] [2026-03-04T17:37:57.668Z] >>> [apiv2][(partial)header] POST https://cloudresourcemanager.googleapis.com/v1/projects/accounting-app-fd24c:testIamPermissions  x-goog-user-project=accounting-app-fd24c
[debug] [2026-03-04T17:37:57.668Z] >>> [apiv2][body] POST https://cloudresourcemanager.googleapis.com/v1/projects/accounting-app-fd24c:testIamPermissions {"permissions":["firebase.projects.get","firebasehosting.sites.update"]}
[debug] [2026-03-04T17:37:59.128Z] <<< [apiv2][status] POST https://cloudresourcemanager.googleapis.com/v1/projects/accounting-app-fd24c:testIamPermissions 200
[debug] [2026-03-04T17:37:59.128Z] <<< [apiv2][body] POST https://cloudresourcemanager.googleapis.com/v1/projects/accounting-app-fd24c:testIamPermissions {"permissions":["firebase.projects.get","firebasehosting.sites.update"]}
[debug] [2026-03-04T17:37:59.129Z] Checked if tokens are valid: true, expires at: 1772649191658
[debug] [2026-03-04T17:37:59.129Z] Checked if tokens are valid: true, expires at: 1772649191658
[debug] [2026-03-04T17:37:59.129Z] >>> [apiv2][query] GET https://firebase.googleapis.com/v1beta1/projects/accounting-app-fd24c [none]
[debug] [2026-03-04T17:37:59.663Z] <<< [apiv2][status] GET https://firebase.googleapis.com/v1beta1/projects/accounting-app-fd24c 200
[debug] [2026-03-04T17:37:59.663Z] <<< [apiv2][body] GET https://firebase.googleapis.com/v1beta1/projects/accounting-app-fd24c {"projectId":"accounting-app-fd24c","projectNumber":"103762444389","displayName":"SULTAN","name":"projects/accounting-app-fd24c","resources":{"hostingSite":"accounting-app-fd24c"},"state":"ACTIVE","etag":"1_92cdf3f9-0422-41a0-9ed1-bb9c9fc6dffc"}
[debug] [2026-03-04T17:38:01.051Z] defaultcredentials: writing to file C:\Users\SULTAN\AppData\Roaming\firebase\sulemanshahdinarkhel_gmail_com_application_default_credentials.json
[debug] [2026-03-04T17:38:01.052Z] Checked if tokens are valid: true, expires at: 1772649191658
[debug] [2026-03-04T17:38:01.052Z] Checked if tokens are valid: true, expires at: 1772649191658
[debug] [2026-03-04T17:38:01.052Z] >>> [apiv2][query] GET https://firebasehosting.googleapis.com/v1beta1/projects/accounting-app-fd24c/sites pageToken=&pageSize=10
[debug] [2026-03-04T17:38:02.391Z] <<< [apiv2][status] GET https://firebasehosting.googleapis.com/v1beta1/projects/accounting-app-fd24c/sites 200
[debug] [2026-03-04T17:38:02.391Z] <<< [apiv2][body] GET https://firebasehosting.googleapis.com/v1beta1/projects/accounting-app-fd24c/sites {"sites":[{"name":"projects/accounting-app-fd24c/sites/accounting-app-fd24c","defaultUrl":"https://accounting-app-fd24c.web.app","appId":"1:103762444389:web:81dd312ba429a51afb068c","type":"DEFAULT_SITE"}]}
[debug] [2026-03-04T17:38:02.391Z] Checked if tokens are valid: true, expires at: 1772649191658
[debug] [2026-03-04T17:38:02.391Z] Checked if tokens are valid: true, expires at: 1772649191658
[debug] [2026-03-04T17:38:02.392Z] >>> [apiv2][query] GET https://firebase.googleapis.com/v1beta1/projects/-/webApps/1:103762444389:web:81dd312ba429a51afb068c/config [none]
[debug] [2026-03-04T17:38:02.947Z] <<< [apiv2][status] GET https://firebase.googleapis.com/v1beta1/projects/-/webApps/1:103762444389:web:81dd312ba429a51afb068c/config 200
[debug] [2026-03-04T17:38:02.947Z] <<< [apiv2][body] GET https://firebase.googleapis.com/v1beta1/projects/-/webApps/1:103762444389:web:81dd312ba429a51afb068c/config {"projectId":"accounting-app-fd24c","appId":"1:103762444389:web:81dd312ba429a51afb068c","storageBucket":"accounting-app-fd24c.firebasestorage.app","apiKey":"AIzaSyCSZ4aZ2MDpPwUpTQu0exLSyOnZwTa2SE8","authDomain":"accounting-app-fd24c.firebaseapp.com","messagingSenderId":"103762444389","measurementId":"G-5WX07EEECE","projectNumber":"103762444389","version":"2"}
[info] 
   Thank you for trying our early preview of Next.js support on Firebase Hosting.
   During the preview, support is best-effort and breaking changes can be expected. Proceed with caution.
   The integration is known to work with Next.js version 12 - 15.0. You may encounter errors.

   Documentation: https://firebase.google.com/docs/hosting/frameworks/nextjs
   File a bug: https://github.com/firebase/firebase-tools/issues/new?template=bug_report.md
   Submit a feature request: https://github.com/firebase/firebase-tools/issues/new?template=feature_request.md

   We'd love to learn from you. Express your interest in helping us shape the future of Firebase Hosting: https://goo.gle/41enW5X

[debug] [2026-03-04T17:38:06.246Z] Checked if tokens are valid: true, expires at: 1772649191658
[debug] [2026-03-04T17:38:06.246Z] Checked if tokens are valid: true, expires at: 1772649191658
[debug] [2026-03-04T17:38:06.246Z] >>> [apiv2][query] GET https://firebasehosting.googleapis.com/v1beta1/projects/accounting-app-fd24c/sites/accounting-app-fd24c [none]
[debug] [2026-03-04T17:38:07.109Z] <<< [apiv2][status] GET https://firebasehosting.googleapis.com/v1beta1/projects/accounting-app-fd24c/sites/accounting-app-fd24c 200
[debug] [2026-03-04T17:38:07.109Z] <<< [apiv2][body] GET https://firebasehosting.googleapis.com/v1beta1/projects/accounting-app-fd24c/sites/accounting-app-fd24c {"name":"projects/accounting-app-fd24c/sites/accounting-app-fd24c","defaultUrl":"https://accounting-app-fd24c.web.app","appId":"1:103762444389:web:81dd312ba429a51afb068c","type":"DEFAULT_SITE"}
[info] ▲ Next.js 16.1.6 (Turbopack)

[info] - Environments: .env


[info]   Creating an optimized production build ...

[info] 

[info] [124.87ms] [@tailwindcss/postcss] app\globals.css
[  0.05ms]   ↳ Quick bail check
[ 56.34ms]   ↳ Setup compiler
[  0.26ms]     ↳ PostCSS AST -> Tailwind CSS AST
[ 56.07ms]     ↳ Create compiler
[  0.11ms]   ↳ Register full rebuild paths
[  1.27ms]   ↳ Setup scanner

[info] [ 17.12ms]   ↳ Scan for candidates
[  6.87ms]   ↳ Register dependency messages
[ 23.06ms]   ↳ Build utilities

[info] [ 16.33ms]   ↳ Optimization
[  0.77ms]     ↳ AST -> CSS
[  8.05ms]     ↳ Lightning CSS
[  7.48ms]     ↳ CSS -> PostCSS AST
[  3.38ms]   ↳ Update PostCSS AST

[info] 

[info] ✓ Compiled successfully in 4.4s

[info]   Running TypeScript ...

[info]   Collecting page data using 11 workers ...

[info]   Generating static pages using 11 workers (0/23) ...

[info]   Generating static pages using 11 workers (5/23) 

[info]   Generating static pages using 11 workers (11/23) 

[info]   Generating static pages using 11 workers (17/23) 

[info] ✓ Generating static pages using 11 workers (23/23) in 325.8ms

[info]   Finalizing page optimization ...

[info] 

[info] Route (app)
┌ ƒ /
├ ○ /_not-found
├ ○ /accounts
├ ○ /admin/login
├ ○ /admin/users
├ ƒ /api/accounts
├ ƒ /api/admin/users
├ ƒ /api/admin/users/[id]
├ ƒ /api/auth/login-lookup
├ ƒ /api/auth/register
├ ƒ /api/auth/role
├ ƒ /api/bills
├ ƒ /api/customers
├ ƒ /api/invoices
├ ƒ /api/journal
├ ƒ /api/payments
├ ƒ /api/seed
├ ƒ /api/vendors
├ ○ /customers
├ ƒ /journal
├ ○ /journal/create
├ ○ /login
├ ○ /register
├ ƒ /reports
└ ○ /vendors


[info] 
○  (Static)   prerendered as static content
ƒ  (Dynamic)  server-rendered on demand


[info] Building a Cloud Function to run this application. This is needed due to:
[info]  • non-static component /api/accounts/route
[info]  • non-static component /api/admin/users/[id]/route
[info]  • non-static component /api/admin/users/route
[info]  • non-static component /api/auth/login-lookup/route
[info]  • non-static component /api/auth/register/route
[debug] [2026-03-04T17:38:21.002Z]  • non-static component /api/auth/role/route
[debug] [2026-03-04T17:38:21.002Z]  • non-static component /api/bills/route
[debug] [2026-03-04T17:38:21.002Z]  • non-static component /api/customers/route
[debug] [2026-03-04T17:38:21.002Z]  • non-static component /api/invoices/route
[debug] [2026-03-04T17:38:21.002Z]  • non-static component /api/journal/route
[debug] [2026-03-04T17:38:21.003Z]  • non-static component /api/payments/route
[debug] [2026-03-04T17:38:21.003Z]  • non-static component /api/seed/route
[debug] [2026-03-04T17:38:21.003Z]  • non-static component /api/vendors/route
[debug] [2026-03-04T17:38:21.003Z]  • non-static component /journal/page
[debug] [2026-03-04T17:38:21.003Z]  • non-static component /page
[debug] [2026-03-04T17:38:21.003Z]  • non-static component /reports/page
[info] 
[debug] [2026-03-04T17:38:21.293Z] Checked if tokens are valid: true, expires at: 1772649191658
[debug] [2026-03-04T17:38:21.294Z] Checked if tokens are valid: true, expires at: 1772649191658
[debug] [2026-03-04T17:38:21.294Z] >>> [apiv2][query] GET https://firebasehosting.googleapis.com/v1beta1/projects/accounting-app-fd24c/sites/accounting-app-fd24c [none]
[debug] [2026-03-04T17:38:22.798Z] <<< [apiv2][status] GET https://firebasehosting.googleapis.com/v1beta1/projects/accounting-app-fd24c/sites/accounting-app-fd24c 200
[debug] [2026-03-04T17:38:22.799Z] <<< [apiv2][body] GET https://firebasehosting.googleapis.com/v1beta1/projects/accounting-app-fd24c/sites/accounting-app-fd24c {"name":"projects/accounting-app-fd24c/sites/accounting-app-fd24c","defaultUrl":"https://accounting-app-fd24c.web.app","appId":"1:103762444389:web:81dd312ba429a51afb068c","type":"DEFAULT_SITE"}
[debug] [2026-03-04T17:38:24.114Z] Error: EPERM: operation not permitted, symlink 'C:\Users\SULTAN\Desktop\ACCOUNTING APP PROTOTYPE\node_modules\@prisma\client' -> 'C:\Users\SULTAN\Desktop\ACCOUNTING APP PROTOTYPE\.firebase\accounting-app-fd24c\functions\.next\node_modules\@prisma\client-2c3a283f134fdcb6'
